

14:33:39    IFACE    Ipkts/s      Ibytes/s     Opkts/s      Obytes/s

14:33:49    lo0            0             0           0             0
14:33:49    gif0           0             0           0             0
14:33:49    stf0           0             0           0             0
14:33:49    en0           58         14721          11          2424
14:33:49    en1            0             0           0             0
14:33:49    en2            0             0           0             0
14:33:49    p2p0           0             0           0             0
14:33:49    awdl0          0             0           0             0
14:33:49    bridge0        0             0           0             0

14:33:59    lo0            0             0           0             0
14:33:59    gif0           0             0           0             0
14:33:59    stf0           0             0           0             0
14:33:59    en0           65         14064           7          1598
14:33:59    en1            0             0           0             0
14:33:59    en2            0             0           0             0
14:33:59    p2p0           0             0           0             0
14:33:59    awdl0          0             0           0             0
14:33:59    bridge0        0             0           0             0

14:34:09    lo0            0             0           0             0
14:34:09    gif0           0             0           0             0
14:34:09    stf0           0             0           0             0
14:34:09    en0           69         13033           3           972
14:34:09    en1            0             0           0             0
14:34:09    en2            0             0           0             0
14:34:09    p2p0           0             0           0             0
14:34:09    awdl0          0             0           0             0
14:34:09    bridge0        0             0           0             0

14:34:19    lo0            0             0           0             0
14:34:19    gif0           0             0           0             0
14:34:19    stf0           0             0           0             0
14:34:19    en0           73         13637           2           218
14:34:19    en1            0             0           0             0
14:34:19    en2            0             0           0             0
14:34:19    p2p0           0             0           0             0
14:34:19    awdl0          0             0           0             0
14:34:19    bridge0        0             0           0             0

14:34:29    lo0            0             0           0             0
14:34:29    gif0           0             0           0             0
14:34:29    stf0           0             0           0             0
14:34:29    en0           47          9770           5          1144
14:34:29    en1            0             0           0             0
14:34:29    en2            0             0           0             0
14:34:29    p2p0           0             0           0             0
14:34:29    awdl0          0             0           0             0
14:34:29    bridge0        0             0           0             0

14:34:39    lo0            0             0           0             0
14:34:39    gif0           0             0           0             0
14:34:39    stf0           0             0           0             0
14:34:39    en0           58         10762           4          1037
14:34:39    en1            0             0           0             0
14:34:39    en2            0             0           0             0
14:34:39    p2p0           0             0           0             0
14:34:39    awdl0          0             0           0             0
14:34:39    bridge0        0             0           0             0

14:34:49    lo0            0             0           0             0
14:34:49    gif0           0             0           0             0
14:34:49    stf0           0             0           0             0
14:34:49    en0           50          9416           3           585
14:34:49    en1            0             0           0             0
14:34:49    en2            0             0           0             0
14:34:49    p2p0           0             0           0             0
14:34:49    awdl0          0             0           0             0
14:34:49    bridge0        0             0           0             0

14:34:59    lo0            0             0           0             0
14:34:59    gif0           0             0           0             0
14:34:59    stf0           0             0           0             0
14:34:59    en0           65         14015           5           842
14:34:59    en1            0             0           0             0
14:34:59    en2            0             0           0             0
14:34:59    p2p0           0             0           0             0
14:34:59    awdl0          0             0           0             0
14:34:59    bridge0        0             0           0             0

14:35:09    lo0            0             0           0             0
14:35:09    gif0           0             0           0             0
14:35:09    stf0           0             0           0             0
14:35:09    en0           79         17700           7          1400
14:35:09    en1            0             0           0             0
14:35:09    en2            0             0           0             0
14:35:09    p2p0           0             0           0             0
14:35:09    awdl0          0             0           0             0
14:35:09    bridge0        0             0           0             0

14:35:19    lo0            0             0           0             0
14:35:19    gif0           0             0           0             0
14:35:19    stf0           0             0           0             0
14:35:19    en0          100         27567          16          3961
14:35:19    en1            0             0           0             0
14:35:19    en2            0             0           0             0
14:35:19    p2p0           0             0           0             0
14:35:19    awdl0          0             0           0             0
14:35:19    bridge0        0             0           0             0

14:35:29    lo0            0             0           0             0
14:35:29    gif0           0             0           0             0
14:35:29    stf0           0             0           0             0
14:35:29    en0           97         34993          38          7602
14:35:29    en1            0             0           0             0
14:35:29    en2            0             0           0             0
14:35:29    p2p0           0             0           0             0
14:35:29    awdl0          0             0           0             0
14:35:29    bridge0        0             0           0             0

14:35:39    lo0            0             0           0             0
14:35:39    gif0           0             0           0             0
14:35:39    stf0           0             0           0             0
14:35:39    en0           52         17397          22          2855
14:35:39    en1            0             0           0             0
14:35:39    en2            0             0           0             0
14:35:39    p2p0           0             0           0             0
14:35:39    awdl0          0             0           0             0
14:35:39    bridge0        0             0           0             0

14:35:49    lo0            0             0           0             0
14:35:49    gif0           0             0           0             0
14:35:49    stf0           0             0           0             0
14:35:49    en0          152        109361          89         13145
14:35:49    en1            0             0           0             0
14:35:49    en2            0             0           0             0
14:35:49    p2p0           0             0           0             0
14:35:49    awdl0          0             0           0             0
14:35:49    bridge0        0             0           0             0

14:35:59    lo0            0             0           0             0
14:35:59    gif0           0             0           0             0
14:35:59    stf0           0             0           0             0
14:35:59    en0          157        124099          84          9456
14:35:59    en1            0             0           0             0
14:35:59    en2            0             0           0             0
14:35:59    p2p0           0             0           0             0
14:35:59    awdl0          0             0           0             0
14:35:59    bridge0        0             0           0             0

14:36:09    lo0            0             0           0             0
14:36:09    gif0           0             0           0             0
14:36:09    stf0           0             0           0             0
14:36:09    en0           63         12819           6           950
14:36:09    en1            0             0           0             0
14:36:09    en2            0             0           0             0
14:36:09    p2p0           0             0           0             0
14:36:09    awdl0          0             0           0             0
14:36:09    bridge0        0             0           0             0

14:36:19    lo0            0             0           0             0
14:36:19    gif0           0             0           0             0
14:36:19    stf0           0             0           0             0
14:36:19    en0           51         10356           5          1207
14:36:19    en1            0             0           0             0
14:36:19    en2            0             0           0             0
14:36:19    p2p0           0             0           0             0
14:36:19    awdl0          0             0           0             0
14:36:19    bridge0        0             0           0             0

14:36:29    lo0            0             0           0             0
14:36:29    gif0           0             0           0             0
14:36:29    stf0           0             0           0             0
14:36:29    en0           40         23465          26          4943
14:36:29    en1            0             0           0             0
14:36:29    en2            0             0           0             0
14:36:29    p2p0           0             0           0             0
14:36:29    awdl0          0             0           0             0
14:36:29    bridge0        0             0           0             0

14:36:39    lo0            0             0           0             0
14:36:39    gif0           0             0           0             0
14:36:39    stf0           0             0           0             0
14:36:39    en0           14          5602          12          2534
14:36:39    en1            0             0           0             0
14:36:39    en2            0             0           0             0
14:36:39    p2p0           0             0           0             0
14:36:39    awdl0          0             0           0             0
14:36:39    bridge0        0             0           0             0

14:36:49    lo0            0             0           0             0
14:36:49    gif0           0             0           0             0
14:36:49    stf0           0             0           0             0
14:36:49    en0           64         17216          20          4827
14:36:49    en1            0             0           0             0
14:36:49    en2            0             0           0             0
14:36:49    p2p0           0             0           0             0
14:36:49    awdl0          0             0           0             0
14:36:49    bridge0        0             0           0             0

14:36:59    lo0            0             0           0             0
14:36:59    gif0           0             0           0             0
14:36:59    stf0           0             0           0             0
14:36:59    en0           83         19812          13          2974
14:36:59    en1            0             0           0             0
14:36:59    en2            0             0           0             0
14:36:59    p2p0           0             0           0             0
14:36:59    awdl0          0             0           0             0
14:36:59    bridge0        0             0           0             0

14:37:09    lo0            0             0           0             0
14:37:09    gif0           0             0           0             0
14:37:09    stf0           0             0           0             0
14:37:09    en0           54         13815          13          4046
14:37:09    en1            0             0           0             0
14:37:09    en2            0             0           0             0
14:37:09    p2p0           0             0           0             0
14:37:09    awdl0          0             0           0             0
14:37:09    bridge0        0             0           0             0

14:37:19    lo0            0             0           0             0
14:37:19    gif0           0             0           0             0
14:37:19    stf0           0             0           0             0
14:37:19    en0           33          6138           6          1347
14:37:19    en1            0             0           0             0
14:37:19    en2            0             0           0             0
14:37:19    p2p0           0             0           0             0
14:37:19    awdl0          0             0           0             0
14:37:19    bridge0        0             0           0             0

14:37:29    lo0            0             0           0             0
14:37:29    gif0           0             0           0             0
14:37:29    stf0           0             0           0             0
14:37:29    en0           35          7730           7          1262
14:37:29    en1            0             0           0             0
14:37:29    en2            0             0           0             0
14:37:29    p2p0           0             0           0             0
14:37:29    awdl0          0             0           0             0
14:37:29    bridge0        0             0           0             0

14:37:39    lo0            0             0           0             0
14:37:39    gif0           0             0           0             0
14:37:39    stf0           0             0           0             0
14:37:39    en0           50         10138           2           608
14:37:39    en1            0             0           0             0
14:37:39    en2            0             0           0             0
14:37:39    p2p0           0             0           0             0
14:37:39    awdl0          0             0           0             0
14:37:39    bridge0        0             0           0             0

14:37:49    lo0            0             0           0             0
14:37:49    gif0           0             0           0             0
14:37:49    stf0           0             0           0             0
14:37:49    en0           49          9785           4           634
14:37:49    en1            0             0           0             0
14:37:49    en2            0             0           0             0
14:37:49    p2p0           0             0           0             0
14:37:49    awdl0          0             0           0             0
14:37:49    bridge0        0             0           0             0

14:37:59    lo0            0             0           0             0
14:37:59    gif0           0             0           0             0
14:37:59    stf0           0             0           0             0
14:37:59    en0           56         14046           6          1235
14:37:59    en1            0             0           0             0
14:37:59    en2            0             0           0             0
14:37:59    p2p0           0             0           0             0
14:37:59    awdl0          0             0           0             0
14:37:59    bridge0        0             0           0             0

14:38:09    lo0            0             0           0             0
14:38:09    gif0           0             0           0             0
14:38:09    stf0           0             0           0             0
14:38:09    en0           14          4575           9          1313
14:38:09    en1            0             0           0             0
14:38:09    en2            0             0           0             0
14:38:09    p2p0           0             0           0             0
14:38:09    awdl0          0             0           0             0
14:38:09    bridge0        0             0           0             0

14:38:19    lo0            0             0           0             0
14:38:19    gif0           0             0           0             0
14:38:19    stf0           0             0           0             0
14:38:19    en0           40          8792           4           633
14:38:19    en1            0             0           0             0
14:38:19    en2            0             0           0             0
14:38:19    p2p0           0             0           0             0
14:38:19    awdl0          0             0           0             0
14:38:19    bridge0        0             0           0             0

14:38:29    lo0            0             0           0             0
14:38:29    gif0           0             0           0             0
14:38:29    stf0           0             0           0             0
14:38:29    en0           76         16715           8          1845
14:38:29    en1            0             0           0             0
14:38:29    en2            0             0           0             0
14:38:29    p2p0           0             0           0             0
14:38:29    awdl0          0             0           0             0
14:38:29    bridge0        0             0           0             0

14:38:39    lo0            0             0           0             0
14:38:39    gif0           0             0           0             0
14:38:39    stf0           0             0           0             0
14:38:39    en0           47         12499           4           671
14:38:39    en1            0             0           0             0
14:38:39    en2            0             0           0             0
14:38:39    p2p0           0             0           0             0
14:38:39    awdl0          0             0           0             0
14:38:39    bridge0        0             0           0             0

14:38:49    lo0            0             0           0             0
14:38:49    gif0           0             0           0             0
14:38:49    stf0           0             0           0             0
14:38:49    en0           45         11291           4           663
14:38:49    en1            0             0           0             0
14:38:49    en2            0             0           0             0
14:38:49    p2p0           0             0           0             0
14:38:49    awdl0          0             0           0             0
14:38:49    bridge0        0             0           0             0

14:38:59    lo0            0             0           0             0
14:38:59    gif0           0             0           0             0
14:38:59    stf0           0             0           0             0
14:38:59    en0           52         14609           6          1242
14:38:59    en1            0             0           0             0
14:38:59    en2            0             0           0             0
14:38:59    p2p0           0             0           0             0
14:38:59    awdl0          0             0           0             0
14:38:59    bridge0        0             0           0             0

14:39:09    lo0            0             0           0             0
14:39:09    gif0           0             0           0             0
14:39:09    stf0           0             0           0             0
14:39:09    en0           60         18769           3           643
14:39:09    en1            0             0           0             0
14:39:09    en2            0             0           0             0
14:39:09    p2p0           0             0           0             0
14:39:09    awdl0          0             0           0             0
14:39:09    bridge0        0             0           0             0

14:39:19    lo0            0             0           0             0
14:39:19    gif0           0             0           0             0
14:39:19    stf0           0             0           0             0
14:39:19    en0           24          8338           2           523
14:39:19    en1            0             0           0             0
14:39:19    en2            0             0           0             0
14:39:19    p2p0           0             0           0             0
14:39:19    awdl0          0             0           0             0
14:39:19    bridge0        0             0           0             0

14:39:29    lo0            0             0           0             0
14:39:29    gif0           0             0           0             0
14:39:29    stf0           0             0           0             0
14:39:29    en0           17          6679           2           208
14:39:29    en1            0             0           0             0
14:39:29    en2            0             0           0             0
14:39:29    p2p0           0             0           0             0
14:39:29    awdl0          0             0           0             0
14:39:29    bridge0        0             0           0             0

14:39:39    lo0            0             0           0             0
14:39:39    gif0           0             0           0             0
14:39:39    stf0           0             0           0             0
14:39:39    en0           12          3875           3           288
14:39:39    en1            0             0           0             0
14:39:39    en2            0             0           0             0
14:39:39    p2p0           0             0           0             0
14:39:39    awdl0          0             0           0             0
14:39:39    bridge0        0             0           0             0

14:39:49    lo0            0             0           0             0
14:39:49    gif0           0             0           0             0
14:39:49    stf0           0             0           0             0
14:39:49    en0            8          1101           3           282
14:39:49    en1            0             0           0             0
14:39:49    en2            0             0           0             0
14:39:49    p2p0           0             0           0             0
14:39:49    awdl0          0             0           0             0
14:39:49    bridge0        0             0           0             0

14:39:59    lo0            0             0           0             0
14:39:59    gif0           0             0           0             0
14:39:59    stf0           0             0           0             0
14:39:59    en0            5           822           1           196
14:39:59    en1            0             0           0             0
14:39:59    en2            0             0           0             0
14:39:59    p2p0           0             0           0             0
14:39:59    awdl0          0             0           0             0
14:39:59    bridge0        0             0           0             0

14:40:09    lo0            0             0           0             0
14:40:09    gif0           0             0           0             0
14:40:09    stf0           0             0           0             0
14:40:09    en0           12          3368           3           360
14:40:09    en1            0             0           0             0
14:40:09    en2            0             0           0             0
14:40:09    p2p0           0             0           0             0
14:40:09    awdl0          0             0           0             0
14:40:09    bridge0        0             0           0             0

14:40:19    lo0            0             0           0             0
14:40:19    gif0           0             0           0             0
14:40:19    stf0           0             0           0             0
14:40:19    en0           11          2808           1           143
14:40:19    en1            0             0           0             0
14:40:19    en2            0             0           0             0
14:40:19    p2p0           0             0           0             0
14:40:19    awdl0          0             0           0             0
14:40:19    bridge0        0             0           0             0

14:40:29    lo0            0             0           0             0
14:40:29    gif0           0             0           0             0
14:40:29    stf0           0             0           0             0
14:40:29    en0           15          3749           3           299
14:40:29    en1            0             0           0             0
14:40:29    en2            0             0           0             0
14:40:29    p2p0           0             0           0             0
14:40:29    awdl0          0             0           0             0
14:40:29    bridge0        0             0           0             0

14:40:39    lo0            0             0           0             0
14:40:39    gif0           0             0           0             0
14:40:39    stf0           0             0           0             0
14:40:39    en0           59         32080          40          7603
14:40:39    en1            0             0           0             0
14:40:39    en2            0             0           0             0
14:40:39    p2p0           0             0           0             0
14:40:39    awdl0          0             0           0             0
14:40:39    bridge0        0             0           0             0

14:40:49    lo0            0             0           0             0
14:40:49    gif0           0             0           0             0
14:40:49    stf0           0             0           0             0
14:40:49    en0           39         20413          25          5326
14:40:49    en1            0             0           0             0
14:40:49    en2            0             0           0             0
14:40:49    p2p0           0             0           0             0
14:40:49    awdl0          0             0           0             0
14:40:49    bridge0        0             0           0             0

14:40:59    lo0            0             0           0             0
14:40:59    gif0           0             0           0             0
14:40:59    stf0           0             0           0             0
14:40:59    en0           28         12741          26          8172
14:40:59    en1            0             0           0             0
14:40:59    en2            0             0           0             0
14:40:59    p2p0           0             0           0             0
14:40:59    awdl0          0             0           0             0
14:40:59    bridge0        0             0           0             0

14:41:09    lo0            0             0           0             0
14:41:09    gif0           0             0           0             0
14:41:09    stf0           0             0           0             0
14:41:09    en0           25          9413          14          4118
14:41:09    en1            0             0           0             0
14:41:09    en2            0             0           0             0
14:41:09    p2p0           0             0           0             0
14:41:09    awdl0          0             0           0             0
14:41:09    bridge0        0             0           0             0

14:41:19    lo0            0             0           0             0
14:41:19    gif0           0             0           0             0
14:41:19    stf0           0             0           0             0
14:41:19    en0           19          5586           2           561
14:41:19    en1            0             0           0             0
14:41:19    en2            0             0           0             0
14:41:19    p2p0           0             0           0             0
14:41:19    awdl0          0             0           0             0
14:41:19    bridge0        0             0           0             0

14:41:29    lo0            0             0           0             0
14:41:29    gif0           0             0           0             0
14:41:29    stf0           0             0           0             0
14:41:29    en0           45         15643           4           671
14:41:29    en1            0             0           0             0
14:41:29    en2            0             0           0             0
14:41:29    p2p0           0             0           0             0
14:41:29    awdl0          0             0           0             0
14:41:29    bridge0        0             0           0             0

14:41:39    lo0            0             0           0             0
14:41:39    gif0           0             0           0             0
14:41:39    stf0           0             0           0             0
14:41:39    en0           17          6146          11          1706
14:41:39    en1            0             0           0             0
14:41:39    en2            0             0           0             0
14:41:39    p2p0           0             0           0             0
14:41:39    awdl0          0             0           0             0
14:41:39    bridge0        0             0           0             0

14:41:49    lo0            0             0           0             0
14:41:49    gif0           0             0           0             0
14:41:49    stf0           0             0           0             0
14:41:49    en0           18          5239          10          3108
14:41:49    en1            0             0           0             0
14:41:49    en2            0             0           0             0
14:41:49    p2p0           0             0           0             0
14:41:49    awdl0          0             0           0             0
14:41:49    bridge0        0             0           0             0

14:41:59    lo0            0             0           0             0
14:41:59    gif0           0             0           0             0
14:41:59    stf0           0             0           0             0
14:41:59    en0           15          5789          11          2885
14:41:59    en1            0             0           0             0
14:41:59    en2            0             0           0             0
14:41:59    p2p0           0             0           0             0
14:41:59    awdl0          0             0           0             0
14:41:59    bridge0        0             0           0             0

14:42:09    lo0            0             0           0             0
14:42:09    gif0           0             0           0             0
14:42:09    stf0           0             0           0             0
14:42:09    en0           13          3350           6          1412
14:42:09    en1            0             0           0             0
14:42:09    en2            0             0           0             0
14:42:09    p2p0           0             0           0             0
14:42:09    awdl0          0             0           0             0
14:42:09    bridge0        0             0           0             0

14:42:19    lo0            0             0           0             0
14:42:19    gif0           0             0           0             0
14:42:19    stf0           0             0           0             0
14:42:19    en0           18          5004           2           532
14:42:19    en1            0             0           0             0
14:42:19    en2            0             0           0             0
14:42:19    p2p0           0             0           0             0
14:42:19    awdl0          0             0           0             0
14:42:19    bridge0        0             0           0             0

14:42:29    lo0            0             0           0             0
14:42:29    gif0           0             0           0             0
14:42:29    stf0           0             0           0             0
14:42:29    en0           15          3171           4           706
14:42:29    en1            0             0           0             0
14:42:29    en2            0             0           0             0
14:42:29    p2p0           0             0           0             0
14:42:29    awdl0          0             0           0             0
14:42:29    bridge0        0             0           0             0

14:42:39    lo0            0             0           0             0
14:42:39    gif0           0             0           0             0
14:42:39    stf0           0             0           0             0
14:42:39    en0           12          4272           5          1133
14:42:39    en1            0             0           0             0
14:42:39    en2            0             0           0             0
14:42:39    p2p0           0             0           0             0
14:42:39    awdl0          0             0           0             0
14:42:39    bridge0        0             0           0             0

14:42:49    lo0            0             0           0             0
14:42:49    gif0           0             0           0             0
14:42:49    stf0           0             0           0             0
14:42:49    en0           12          5211           3           574
14:42:49    en1            0             0           0             0
14:42:49    en2            0             0           0             0
14:42:49    p2p0           0             0           0             0
14:42:49    awdl0          0             0           0             0
14:42:49    bridge0        0             0           0             0

14:42:59    lo0            0             0           0             0
14:42:59    gif0           0             0           0             0
14:42:59    stf0           0             0           0             0
14:42:59    en0           36         13998           4           710
14:42:59    en1            0             0           0             0
14:42:59    en2            0             0           0             0
14:42:59    p2p0           0             0           0             0
14:42:59    awdl0          0             0           0             0
14:42:59    bridge0        0             0           0             0

14:43:09    lo0            0             0           0             0
14:43:09    gif0           0             0           0             0
14:43:09    stf0           0             0           0             0
14:43:09    en0           18          7454           5          1166
14:43:09    en1            0             0           0             0
14:43:09    en2            0             0           0             0
14:43:09    p2p0           0             0           0             0
14:43:09    awdl0          0             0           0             0
14:43:09    bridge0        0             0           0             0

14:43:19    lo0            0             0           0             0
14:43:19    gif0           0             0           0             0
14:43:19    stf0           0             0           0             0
14:43:19    en0           14          4064           2           544
14:43:19    en1            0             0           0             0
14:43:19    en2            0             0           0             0
14:43:19    p2p0           0             0           0             0
14:43:19    awdl0          0             0           0             0
14:43:19    bridge0        0             0           0             0

14:43:29    lo0            0             0           0             0
14:43:29    gif0           0             0           0             0
14:43:29    stf0           0             0           0             0
14:43:29    en0            9          3036           5           759
14:43:29    en1            0             0           0             0
14:43:29    en2            0             0           0             0
14:43:29    p2p0           0             0           0             0
14:43:29    awdl0          0             0           0             0
14:43:29    bridge0        0             0           0             0

14:43:39    lo0            0             0           0             0
14:43:39    gif0           0             0           0             0
14:43:39    stf0           0             0           0             0
14:43:39    en0           17          4884           6          1315
14:43:39    en1            0             0           0             0
14:43:39    en2            0             0           0             0
14:43:39    p2p0           0             0           0             0
14:43:39    awdl0          0             0           0             0
14:43:39    bridge0        0             0           0             0
Average:   lo0            0             0           0             0
Average:   gif0           0             0           0             0
Average:   stf0           0             0           0             0
Average:   en0           43         14449          11          2102
Average:   en1            0             0           0             0
Average:   en2            0             0           0             0
Average:   p2p0           0             0           0             0
Average:   awdl0          0             0           0             0
Average:   bridge0        0             0           0             0
